 end oppening files
 IDUM=      -35618  0.752990484    
 aaa=   2.9999999999999999E-002
 Im=         397
 Beta=   10.000000000000000     
 # of dtau intervals L=          40
 length of the bin:           0
 # of warmup runs:         500
 Interaction:           3
 # of sweeps maxt=       30000

 Size of the interacting block:           3
 isize=        3414
 # of interactions (pairs) LSQ=          15
 H-S field structure:
   HSindex   orbital 1  orbital 2   Lambda(n)
    1           2           1        0.81012
    2           3           1        0.81012
    3           3           2        0.81012
    4           4           1        1.19106
    5           4           2        0.94663
    6           4           3        0.94663
    7           5           1        0.94663
    8           5           2        1.19106
    9           5           3        0.94663
   10           5           4        0.81012
   11           6           1        0.94663
   12           6           2        0.94663
   13           6           3        1.19106
   14           6           4        0.81012
   15           6           5        0.81012
 seeds:
           1        1228

 ***HS FIELD RESTART***

:RUN_nfs:      100
 fast update error:   5.5052446455744308E-010   9.9999999999999995E-007
:RUN_nfs:      200
 fast update error:   1.6085924319268444E-009   9.9999999999999995E-007
:RUN_nfs:      400
 largest dlog(det)=   13.000744560625433       on CPU #           0
 det0:   10.017158846549034        12.000000000000000     
 fast update error:   5.6112736871113481E-010   9.9999999999999995E-007
:RUN_nfs:      800
 fast update error:   3.6532780871619909E-009   9.9999999999999995E-007
:RUN_nfs:     1600
 fast update error:   2.1639878833173075E-010   9.9999999999999995E-007
:RUN_nfs:     3200
 fast update error:   1.0946045561385147E-009   9.9999999999999995E-007
:RUN_nfs:     6400
 fast update error:   1.7049937518797093E-008   9.9999999999999995E-007
:RUN_nfs:    12800
 fast update error:   2.8932241595552043E-009   9.9999999999999995E-007
:RUN_nfs:    25600
 test:gbin                                                                            
 ***   REWEIGHTING STATISTICS:
 <f>=   1.8999211276400683     
 f-r.m.s.=   4.6465903583805526E-003
 <sign>=  0.99999999999999989     
 <LOG_10(det)>=   22.471600196653714     
 orbital occupation
  i        <n_i> 
  1      0.1628103
  2      0.1880922
  3      0.1560573
  4      0.1393584
  5      0.1540525
  6      0.1701106
 unsymmetrized output:
 double occupation
           1           2           3           4           5           6
  1   0.1628103   0.0131384   0.0108617   0.0022201   0.0056475   0.0061340
  2   0.0131384   0.1880922   0.0122519   0.0059111   0.0025775   0.0066996
  3   0.0108617   0.0122519   0.1560573   0.0053737   0.0055410   0.0025707
  4   0.0022201   0.0059111   0.0053737   0.1393584   0.0101617   0.0111969
  5   0.0056475   0.0025775   0.0055410   0.0101617   0.1540525   0.0118861
  6   0.0061340   0.0066996   0.0025707   0.0111969   0.0118861   0.1701106
 binname=gbin                                                                            
Equivalence                                                                     
  3    1  2  3
  3   1 1   2 2   3 3
  6   1 2   2 1   2 3   3 2   1 3   3 1
 test sym           2
           6 :             1           2           3           4           5           6
           6 :
           1           1             2           2             3           3             4           4             5           5             6           6  
          12 :
           1           2             2           1             2           3             3           2             1           3             3           1             4           5             5           4             5           6             6           5             4           6             6           4  
           6 :
           4           1             5           2             6           3             1           4             2           5             3           6  
          12 :
           4           2             5           1             5           3             6           2             4           3             6           1             1           5             2           4             2           6             3           5             1           6             3           4  
 symmetrization finished
 Fourier transform - moment spline
 Moments:

 orbital #           1
 Derivatives(moments) 0 1 2 :      -1.0000000000000000        1.5952064539997215       -6.5207315049417600     
 Derivatives(numeric) 0 1 2 :       0.0000000000000000        0.0000000000000000        0.0000000000000000     
 use moment derivatives
 sumi,sumij:   2.5475136286413025        10.158472252995132     
 M10,M20:    0.0000000000000000       0.30740130917743835     
 M1 ,M2 :    1.5952064539997215        6.5207315049417600     

 orbital #           2
 Derivatives(moments) 0 1 2 :      -1.0000000000000000        1.5952064545321267       -6.5207315065315843     
 Derivatives(numeric) 0 1 2 :       0.0000000000000000        0.0000000000000000        0.0000000000000000     
 use moment derivatives
 sumi,sumij:   2.5475136286413025        10.158472252995132     
 M10,M20:    0.0000000000000000       0.30740130906867025     
 M1 ,M2 :    1.5952064545321267        6.5207315065315843     

 orbital #           3
 Derivatives(moments) 0 1 2 :      -1.0000000000000000        1.5952064542543511       -6.5207315055842408     
 Derivatives(numeric) 0 1 2 :       0.0000000000000000        0.0000000000000000        0.0000000000000000     
 use moment derivatives
 sumi,sumij:   2.5475136286413029        10.158472252995130     
 M10,M20:    0.0000000000000000       0.30740130900754903     
 M1 ,M2 :    1.5952064542543511        6.5207315055842408     
 <U-qmc>=  0.31117635602455329     
 sqrt(<m_z^2>)=   1.0119903558503183     
                    ========================================
             Summary
         acc. steps     sweeps
:RUN_itr:  7880453    30000
 acceptance probability
 :RUN_acc:  0.445208251    
 :RUN_swap:           0   0.00000000    

 :CPU_sweep:   39.569999999995140        1.3413104640519014E-003
 :CPU_swap:   0.0000000000000000        0.0000000000000000     
 :CPU_measurement:   1.5399999999998570     
                    ========================================
